# JRE version: OpenJDK Runtime Environment JBR-17.0.14+1-1367.22-nomod (17.0.14+1) (build 17.0.14+1-b1367.22)
# Java VM: OpenJDK 64-Bit Server VM JBR-17.0.14+1-1367.22-nomod (17.0.14+1-b1367.22, mixed mode, sharing, tiered, compressed oops, compressed class ptrs, g1 gc, windows-amd64)
GC Precious Log:
 CPUs: 4 total, 4 available
 Memory: 16256M
 Large Page Support: Disabled
 NUMA Support: Disabled
 Compressed Oops: Enabled (32-bit)
 Heap Region Size: 1M
 Heap Min Capacity: 256M
 Heap Initial Capacity: 256M
 Heap Max Capacity: 512M
 Pre-touch: Disabled
 Parallel Workers: 4
 Concurrent Workers: 1
 Concurrent Refinement Workers: 4
 Periodic GC: Disabled
Heap:
 garbage-first heap   total 262144K, used 73809K [0x00000000e0000000, 0x0000000100000000)
  region size 1024K, 45 young (46080K), 11 survivors (11264K)
 Metaspace       used 64757K, committed 65280K, reserved 393216K
  class space    used 8990K, committed 9216K, reserved 327680K
GC Heap History (18 events):
Event: 1.546 GC heap before
{Heap before GC invocations=0 (full 0):
 garbage-first heap   total 262144K, used 13312K [0x00000000e0000000, 0x0000000100000000)
  region size 1024K, 13 young (13312K), 0 survivors (0K)
 Metaspace       used 1039K, committed 1152K, reserved 393216K
  class space    used 82K, committed 128K, reserved 327680K
}
Event: 1.564 GC heap after
{Heap after GC invocations=1 (full 0):
 garbage-first heap   total 262144K, used 3694K [0x00000000e0000000, 0x0000000100000000)
  region size 1024K, 2 young (2048K), 2 survivors (2048K)
 Metaspace       used 1039K, committed 1152K, reserved 393216K
  class space    used 82K, committed 128K, reserved 327680K
}
Event: 2.812 GC heap before
{Heap before GC invocations=1 (full 0):
 garbage-first heap   total 262144K, used 23150K [0x00000000e0000000, 0x0000000100000000)
  region size 1024K, 18 young (18432K), 2 survivors (2048K)
 Metaspace       used 4084K, committed 4288K, reserved 393216K
  class space    used 526K, committed 640K, reserved 327680K
}
Event: 2.816 GC heap after
{Heap after GC invocations=2 (full 0):
 garbage-first heap   total 262144K, used 10737K [0x00000000e0000000, 0x0000000100000000)
  region size 1024K, 3 young (3072K), 3 survivors (3072K)
 Metaspace       used 4084K, committed 4288K, reserved 393216K
  class space    used 526K, committed 640K, reserved 327680K
}
Event: 3.998 GC heap before
{Heap before GC invocations=2 (full 0):
 garbage-first heap   total 262144K, used 36337K [0x00000000e0000000, 0x0000000100000000)
  region size 1024K, 27 young (27648K), 3 survivors (3072K)
 Metaspace       used 4221K, committed 4416K, reserved 393216K
  class space    used 528K, committed 640K, reserved 327680K
}
Event: 4.000 GC heap after
{Heap after GC invocations=3 (full 0):
 garbage-first heap   total 262144K, used 12884K [0x00000000e0000000, 0x0000000100000000)
  region size 1024K, 3 young (3072K), 3 survivors (3072K)
 Metaspace       used 4221K, committed 4416K, reserved 393216K
  class space    used 528K, committed 640K, reserved 327680K
}
Event: 8.952 GC heap before
{Heap before GC invocations=3 (full 0):
 garbage-first heap   total 262144K, used 121428K [0x00000000e0000000, 0x0000000100000000)
  region size 1024K, 110 young (112640K), 3 survivors (3072K)
 Metaspace       used 21207K, committed 21504K, reserved 393216K
  class space    used 3227K, committed 3392K, reserved 327680K
}
Event: 8.964 GC heap after
{Heap after GC invocations=4 (full 0):
 garbage-first heap   total 262144K, used 22067K [0x00000000e0000000, 0x0000000100000000)
  region size 1024K, 12 young (12288K), 12 survivors (12288K)
 Metaspace       used 21207K, committed 21504K, reserved 393216K
  class space    used 3227K, committed 3392K, reserved 327680K
}
Event: 12.662 GC heap before
{Heap before GC invocations=5 (full 0):
 garbage-first heap   total 262144K, used 134707K [0x00000000e0000000, 0x0000000100000000)
  region size 1024K, 119 young (121856K), 12 survivors (12288K)
 Metaspace       used 35833K, committed 36160K, reserved 393216K
  class space    used 5090K, committed 5248K, reserved 327680K
}
Event: 12.681 GC heap after
{Heap after GC invocations=6 (full 0):
 garbage-first heap   total 262144K, used 30327K [0x00000000e0000000, 0x0000000100000000)
  region size 1024K, 9 young (9216K), 9 survivors (9216K)
 Metaspace       used 35833K, committed 36160K, reserved 393216K
  class space    used 5090K, committed 5248K, reserved 327680K
}
Event: 12.787 GC heap before
{Heap before GC invocations=6 (full 0):
 garbage-first heap   total 262144K, used 33399K [0x00000000e0000000, 0x0000000100000000)
  region size 1024K, 12 young (12288K), 9 survivors (9216K)
 Metaspace       used 36153K, committed 36480K, reserved 393216K
  class space    used 5146K, committed 5312K, reserved 327680K
}
Event: 12.797 GC heap after
{Heap after GC invocations=7 (full 0):
 garbage-first heap   total 262144K, used 30609K [0x00000000e0000000, 0x0000000100000000)
  region size 1024K, 2 young (2048K), 2 survivors (2048K)
 Metaspace       used 36153K, committed 36480K, reserved 393216K
  class space    used 5146K, committed 5312K, reserved 327680K
}
Event: 12.801 GC heap before
{Heap before GC invocations=7 (full 0):
 garbage-first heap   total 262144K, used 30609K [0x00000000e0000000, 0x0000000100000000)
  region size 1024K, 3 young (3072K), 2 survivors (2048K)
 Metaspace       used 36169K, committed 36480K, reserved 393216K
  class space    used 5149K, committed 5312K, reserved 327680K
}
Event: 12.802 GC heap after
{Heap after GC invocations=8 (full 0):
 garbage-first heap   total 262144K, used 29600K [0x00000000e0000000, 0x0000000100000000)
  region size 1024K, 1 young (1024K), 1 survivors (1024K)
 Metaspace       used 36169K, committed 36480K, reserved 393216K
  class space    used 5149K, committed 5312K, reserved 327680K
}
Event: 18.694 GC heap before
{Heap before GC invocations=9 (full 0):
 garbage-first heap   total 262144K, used 180128K [0x00000000e0000000, 0x0000000100000000)
  region size 1024K, 147 young (150528K), 1 survivors (1024K)
 Metaspace       used 58510K, committed 59008K, reserved 393216K
  class space    used 8167K, committed 8384K, reserved 327680K
}
Event: 18.708 GC heap after
{Heap after GC invocations=10 (full 0):
 garbage-first heap   total 262144K, used 38002K [0x00000000e0000000, 0x0000000100000000)
  region size 1024K, 9 young (9216K), 9 survivors (9216K)
 Metaspace       used 58510K, committed 59008K, reserved 393216K
  class space    used 8167K, committed 8384K, reserved 327680K
}
Event: 19.843 GC heap before
{Heap before GC invocations=10 (full 0):
 garbage-first heap   total 262144K, used 69746K [0x00000000e0000000, 0x0000000100000000)
  region size 1024K, 41 young (41984K), 9 survivors (9216K)
 Metaspace       used 60732K, committed 61248K, reserved 393216K
  class space    used 8398K, committed 8640K, reserved 327680K
}
Event: 19.852 GC heap after
{Heap after GC invocations=11 (full 0):
 garbage-first heap   total 262144K, used 40017K [0x00000000e0000000, 0x0000000100000000)
  region size 1024K, 11 young (11264K), 11 survivors (11264K)
 Metaspace       used 60732K, committed 61248K, reserved 393216K
  class space    used 8398K, committed 8640K, reserved 327680K
}

